[debug] [2020-12-01T02:10:49.035Z] ----------------------------------------------------------------------
[debug] [2020-12-01T02:10:49.037Z] Command:       /home/kartik/.npm-packages/bin/node /home/kartik/.npm-packages/bin/firebase emulators:start
[debug] [2020-12-01T02:10:49.037Z] CLI Version:   8.16.2
[debug] [2020-12-01T02:10:49.037Z] Platform:      linux
[debug] [2020-12-01T02:10:49.037Z] Node Version:  v12.18.2
[debug] [2020-12-01T02:10:49.037Z] Time:          Tue Dec 01 2020 07:40:49 GMT+0530 (India Standard Time)
[debug] [2020-12-01T02:10:49.037Z] ----------------------------------------------------------------------
[debug] [2020-12-01T02:10:49.037Z] 
[debug] [2020-12-01T02:10:49.042Z] > command requires scopes: ["email","openid","https://www.googleapis.com/auth/cloudplatformprojects.readonly","https://www.googleapis.com/auth/firebase","https://www.googleapis.com/auth/cloud-platform"]
[debug] [2020-12-01T02:10:49.042Z] > authorizing via signed-in user
[info] i  emulators: Starting emulators: auth, functions, firestore, database, hosting, pubsub {"metadata":{"emulator":{"name":"hub"},"message":"Starting emulators: auth, functions, firestore, database, hosting, pubsub"}}
[debug] [2020-12-01T02:10:49.060Z] [hub] writing locator at /tmp/hub-ng-firebase-emulator-test.json
[info] ✔  functions: Using node@12 from host. {"metadata":{"emulator":{"name":"functions"},"message":"Using node@12 from host."}}
[debug] [2020-12-01T02:10:49.087Z] defaultcredentials: writing to file /home/kartik/.config/firebase/watwanik06_gmail_com_application_default_credentials.json
[debug] [2020-12-01T02:10:49.089Z] Setting GAC to /home/kartik/.config/firebase/watwanik06_gmail_com_application_default_credentials.json {"metadata":{"emulator":{"name":"functions"},"message":"Setting GAC to /home/kartik/.config/firebase/watwanik06_gmail_com_application_default_credentials.json"}}
[debug] [2020-12-01T02:10:49.097Z] Ignoring unsupported arg: projectId {"metadata":{"emulator":{"name":"firestore"},"message":"Ignoring unsupported arg: projectId"}}
[debug] [2020-12-01T02:10:49.097Z] Ignoring unsupported arg: auto_download {"metadata":{"emulator":{"name":"firestore"},"message":"Ignoring unsupported arg: auto_download"}}
[debug] [2020-12-01T02:10:49.097Z] Starting Firestore Emulator with command {"binary":"java","args":["-Duser.language=en","-jar","/home/kartik/.cache/firebase/emulators/cloud-firestore-emulator-v1.11.9.jar","--host","localhost","--port",8080,"--rules","/home/kartik/projects/firebase-emulator-test/firestore.rules","--functions_emulator","localhost:5001"],"optionalArgs":["port","webchannel_port","host","rules","functions_emulator","seed_from_export"],"joinArgs":false} {"metadata":{"emulator":{"name":"firestore"},"message":"Starting Firestore Emulator with command {\"binary\":\"java\",\"args\":[\"-Duser.language=en\",\"-jar\",\"/home/kartik/.cache/firebase/emulators/cloud-firestore-emulator-v1.11.9.jar\",\"--host\",\"localhost\",\"--port\",8080,\"--rules\",\"/home/kartik/projects/firebase-emulator-test/firestore.rules\",\"--functions_emulator\",\"localhost:5001\"],\"optionalArgs\":[\"port\",\"webchannel_port\",\"host\",\"rules\",\"functions_emulator\",\"seed_from_export\"],\"joinArgs\":false}"}}
[info] i  firestore: Firestore Emulator logging to firestore-debug.log {"metadata":{"emulator":{"name":"firestore"},"message":"Firestore Emulator logging to \u001b[1mfirestore-debug.log\u001b[22m"}}
[debug] [2020-12-01T02:10:49.889Z] API endpoint: http:// {"metadata":{"emulator":{"name":"firestore"},"message":"API endpoint: http://"}}
[debug] [2020-12-01T02:10:49.890Z] localhost:8080
If you are using a library that supports the FIRESTORE_EMULATOR_HOST environment variable, run:

   export FIRESTORE_EMULATOR_HOST=localhost:8080

Dev App Server is now running.

 {"metadata":{"emulator":{"name":"firestore"},"message":"localhost:8080\nIf you are using a library that supports the FIRESTORE_EMULATOR_HOST environment variable, run:\n\n   export FIRESTORE_EMULATOR_HOST=localhost:8080\n\nDev App Server is now running.\n\n"}}
[debug] [2020-12-01T02:10:50.115Z] database rules config:  []
[warn] ⚠  database: Did not find a Realtime Database rules file specified in a firebase.json config file. The emulator will default to allowing all reads and writes. Learn more about this option: https://firebase.google.com/docs/emulator-suite/install_and_configure#security_rules_configuration. {"metadata":{"emulator":{"name":"database"},"message":"Did not find a Realtime Database rules file specified in a firebase.json config file. The emulator will default to allowing all reads and writes. Learn more about this option: https://firebase.google.com/docs/emulator-suite/install_and_configure#security_rules_configuration."}}
[debug] [2020-12-01T02:10:50.120Z] Ignoring unsupported arg: projectId {"metadata":{"emulator":{"name":"database"},"message":"Ignoring unsupported arg: projectId"}}
[debug] [2020-12-01T02:10:50.121Z] Ignoring unsupported arg: auto_download {"metadata":{"emulator":{"name":"database"},"message":"Ignoring unsupported arg: auto_download"}}
[debug] [2020-12-01T02:10:50.121Z] Ignoring unsupported arg: rules {"metadata":{"emulator":{"name":"database"},"message":"Ignoring unsupported arg: rules"}}
[debug] [2020-12-01T02:10:50.121Z] Starting Database Emulator with command {"binary":"java","args":["-Duser.language=en","-jar","/home/kartik/.cache/firebase/emulators/firebase-database-emulator-v4.7.1.jar","--host","localhost","--port",9000,"--functions_emulator_host","localhost","--functions_emulator_port",5001],"optionalArgs":["port","host","functions_emulator_port","functions_emulator_host"],"joinArgs":false} {"metadata":{"emulator":{"name":"database"},"message":"Starting Database Emulator with command {\"binary\":\"java\",\"args\":[\"-Duser.language=en\",\"-jar\",\"/home/kartik/.cache/firebase/emulators/firebase-database-emulator-v4.7.1.jar\",\"--host\",\"localhost\",\"--port\",9000,\"--functions_emulator_host\",\"localhost\",\"--functions_emulator_port\",5001],\"optionalArgs\":[\"port\",\"host\",\"functions_emulator_port\",\"functions_emulator_host\"],\"joinArgs\":false}"}}
[info] i  database: Database Emulator logging to database-debug.log {"metadata":{"emulator":{"name":"database"},"message":"Database Emulator logging to \u001b[1mdatabase-debug.log\u001b[22m"}}
[debug] [2020-12-01T02:10:50.770Z] WARNING: An illegal reflective access operation has occurred
WARNING: Illegal reflective access by io.netty.util.internal.ReflectionUtil (file:/home/kartik/.cache/firebase/emulators/firebase-database-emulator-v4.7.1.jar) to field sun.nio.ch.SelectorImpl.selectedKeys
WARNING: Please consider reporting this to the maintainers of io.netty.util.internal.ReflectionUtil
WARNING: Use --illegal-access=warn to enable warnings of further illegal reflective access operations
WARNING: All illegal access operations will be denied in a future release
 {"metadata":{"emulator":{"name":"database"},"message":"WARNING: An illegal reflective access operation has occurred\nWARNING: Illegal reflective access by io.netty.util.internal.ReflectionUtil (file:/home/kartik/.cache/firebase/emulators/firebase-database-emulator-v4.7.1.jar) to field sun.nio.ch.SelectorImpl.selectedKeys\nWARNING: Please consider reporting this to the maintainers of io.netty.util.internal.ReflectionUtil\nWARNING: Use --illegal-access=warn to enable warnings of further illegal reflective access operations\nWARNING: All illegal access operations will be denied in a future release\n"}}
[debug] [2020-12-01T02:10:51.417Z] 07:40:51.416 [NamespaceSystem-akka.actor.default-dispatcher-4] INFO akka.event.slf4j.Slf4jLogger - Slf4jLogger started
 {"metadata":{"emulator":{"name":"database"},"message":"07:40:51.416 [NamespaceSystem-akka.actor.default-dispatcher-4] INFO akka.event.slf4j.Slf4jLogger - Slf4jLogger started\n"}}
[debug] [2020-12-01T02:10:51.577Z] 07:40:51.572 [main] INFO com.firebase.server.forge.App$ - Listening at localhost:9000
 {"metadata":{"emulator":{"name":"database"},"message":"07:40:51.572 [main] INFO com.firebase.server.forge.App$ - Listening at localhost:9000\n"}}
[debug] [2020-12-01T02:10:54.397Z] Dec 01, 2020 7:40:51 AM io.gapi.emulators.netty.HttpVersionRoutingHandler channelRead
INFO: Detected non-HTTP/2 connection.
Dec 01, 2020 7:40:51 AM io.gapi.emulators.netty.HttpVersionRoutingHandler channelRead
INFO: Detected non-HTTP/2 connection.
Dec 01, 2020 7:40:52 AM com.google.cloud.datastore.emulator.impl.context.EmulatorAuthorization warnAboutSecuredJwt
WARNING: expected an unsecured JWT, the emulator does not validate JWTs and IS NOT SECURE
Dec 01, 2020 7:40:52 AM com.google.cloud.datastore.emulator.impl.context.EmulatorAuthorization warnAboutSecuredJwt
WARNING: expected an unsecured JWT, the emulator does not validate JWTs and IS NOT SECURE
Dec 01, 2020 7:40:52 AM io.gapi.emulators.netty.HttpVersionRoutingHandler channelRead
INFO: Detected non-HTTP/2 connection.
Dec 01, 2020 7:40:52 AM io.gapi.emulators.netty.HttpVersionRoutingHandler channelRead
INFO: Detected non-HTTP/2 connection.
 {"metadata":{"emulator":{"name":"firestore"},"message":"Dec 01, 2020 7:40:51 AM io.gapi.emulators.netty.HttpVersionRoutingHandler channelRead\nINFO: Detected non-HTTP/2 connection.\nDec 01, 2020 7:40:51 AM io.gapi.emulators.netty.HttpVersionRoutingHandler channelRead\nINFO: Detected non-HTTP/2 connection.\nDec 01, 2020 7:40:52 AM com.google.cloud.datastore.emulator.impl.context.EmulatorAuthorization warnAboutSecuredJwt\nWARNING: expected an unsecured JWT, the emulator does not validate JWTs and IS NOT SECURE\nDec 01, 2020 7:40:52 AM com.google.cloud.datastore.emulator.impl.context.EmulatorAuthorization warnAboutSecuredJwt\nWARNING: expected an unsecured JWT, the emulator does not validate JWTs and IS NOT SECURE\nDec 01, 2020 7:40:52 AM io.gapi.emulators.netty.HttpVersionRoutingHandler channelRead\nINFO: Detected non-HTTP/2 connection.\nDec 01, 2020 7:40:52 AM io.gapi.emulators.netty.HttpVersionRoutingHandler channelRead\nINFO: Detected non-HTTP/2 connection.\n"}}
[debug] [2020-12-01T02:10:54.400Z] Ignoring unsupported arg: projectId {"metadata":{"emulator":{"name":"pubsub"},"message":"Ignoring unsupported arg: projectId"}}
[debug] [2020-12-01T02:10:54.400Z] Ignoring unsupported arg: auto_download {"metadata":{"emulator":{"name":"pubsub"},"message":"Ignoring unsupported arg: auto_download"}}
[debug] [2020-12-01T02:10:54.400Z] Starting Pub/Sub Emulator with command {"binary":"/home/kartik/.cache/firebase/emulators/pubsub-emulator-0.1.0/pubsub-emulator/bin/cloud-pubsub-emulator","args":["--host=localhost","--port=8085"],"optionalArgs":["port","host"],"joinArgs":true} {"metadata":{"emulator":{"name":"pubsub"},"message":"Starting Pub/Sub Emulator with command {\"binary\":\"/home/kartik/.cache/firebase/emulators/pubsub-emulator-0.1.0/pubsub-emulator/bin/cloud-pubsub-emulator\",\"args\":[\"--host=localhost\",\"--port=8085\"],\"optionalArgs\":[\"port\",\"host\"],\"joinArgs\":true}"}}
[info] i  pubsub: Pub/Sub Emulator logging to pubsub-debug.log {"metadata":{"emulator":{"name":"pubsub"},"message":"Pub/Sub Emulator logging to \u001b[1mpubsub-debug.log\u001b[22m"}}
[debug] [2020-12-01T02:10:54.472Z] This is the Google Pub/Sub fake.
 {"metadata":{"emulator":{"name":"pubsub"},"message":"This is the Google Pub/Sub fake.\n"}}
[debug] [2020-12-01T02:10:54.472Z] Implementation may be incomplete or differ from the real system.
 {"metadata":{"emulator":{"name":"pubsub"},"message":"Implementation may be incomplete or differ from the real system.\n"}}
[debug] [2020-12-01T02:10:54.497Z] Dec 01, 2020 7:40:54 AM com.google.cloud.pubsub.testing.v1.Main main
INFO: IAM integration is disabled. IAM policy methods and ACL checks are not supported
 {"metadata":{"emulator":{"name":"pubsub"},"message":"Dec 01, 2020 7:40:54 AM com.google.cloud.pubsub.testing.v1.Main main\nINFO: IAM integration is disabled. IAM policy methods and ACL checks are not supported\n"}}
[debug] [2020-12-01T02:10:54.845Z] Dec 01, 2020 7:40:54 AM io.gapi.emulators.netty.NettyUtil applyJava7LongHostnameWorkaround
INFO: Applied Java 7 long hostname workaround.
 {"metadata":{"emulator":{"name":"pubsub"},"message":"Dec 01, 2020 7:40:54 AM io.gapi.emulators.netty.NettyUtil applyJava7LongHostnameWorkaround\nINFO: Applied Java 7 long hostname workaround.\n"}}
[debug] [2020-12-01T02:10:54.899Z] Dec 01, 2020 7:40:54 AM com.google.cloud.pubsub.testing.v1.Main main
INFO: Server started, listening on 8085
 {"metadata":{"emulator":{"name":"pubsub"},"message":"Dec 01, 2020 7:40:54 AM com.google.cloud.pubsub.testing.v1.Main main\nINFO: Server started, listening on 8085\n"}}
[debug] [2020-12-01T02:10:54.921Z] >>> HTTP REQUEST GET https://firebase.googleapis.com/v1beta1/projects/ng-firebase-emulator-test/webApps/-/config  
 
[debug] [2020-12-01T02:10:55.034Z] Dec 01, 2020 7:40:55 AM io.gapi.emulators.grpc.GrpcServer$3 operationComplete
INFO: Adding handler(s) to newly registered Channel.
 {"metadata":{"emulator":{"name":"pubsub"},"message":"Dec 01, 2020 7:40:55 AM io.gapi.emulators.grpc.GrpcServer$3 operationComplete\nINFO: Adding handler(s) to newly registered Channel.\n"}}
[debug] [2020-12-01T02:10:56.299Z] <<< HTTP RESPONSE 200 {"content-type":"application/json; charset=UTF-8","vary":"X-Origin, Referer, Origin,Accept-Encoding","date":"Tue, 01 Dec 2020 02:10:56 GMT","server":"ESF","cache-control":"private","x-xss-protection":"0","x-frame-options":"SAMEORIGIN","x-content-type-options":"nosniff","alt-svc":"h3-29=\":443\"; ma=2592000,h3-T051=\":443\"; ma=2592000,h3-Q050=\":443\"; ma=2592000,h3-Q046=\":443\"; ma=2592000,h3-Q043=\":443\"; ma=2592000,quic=\":443\"; ma=2592000; v=\"46,43\"","accept-ranges":"none","transfer-encoding":"chunked"}
[info] i  hosting: Serving hosting files from: public {"metadata":{"emulator":{"name":"hosting"},"message":"Serving hosting files from: \u001b[1mpublic\u001b[22m"}}
[info] ✔  hosting: Local server: http://localhost:5000 {"metadata":{"emulator":{"name":"hosting"},"message":"Local server: \u001b[4m\u001b[1mhttp://localhost:5000\u001b[22m\u001b[24m"}}
[debug] [2020-12-01T02:10:56.993Z] Ignoring unsupported arg: auto_download {"metadata":{"emulator":{"name":"ui"},"message":"Ignoring unsupported arg: auto_download"}}
[debug] [2020-12-01T02:10:56.993Z] Ignoring unsupported arg: port {"metadata":{"emulator":{"name":"ui"},"message":"Ignoring unsupported arg: port"}}
[debug] [2020-12-01T02:10:56.993Z] Starting Emulator UI with command {"binary":"node","args":["/home/kartik/.cache/firebase/emulators/ui-v1.2.2/server.bundle.js"],"optionalArgs":[],"joinArgs":false} {"metadata":{"emulator":{"name":"ui"},"message":"Starting Emulator UI with command {\"binary\":\"node\",\"args\":[\"/home/kartik/.cache/firebase/emulators/ui-v1.2.2/server.bundle.js\"],\"optionalArgs\":[],\"joinArgs\":false}"}}
[info] i  ui: Emulator UI logging to ui-debug.log {"metadata":{"emulator":{"name":"ui"},"message":"Emulator UI logging to \u001b[1mui-debug.log\u001b[22m"}}
[debug] [2020-12-01T02:10:57.079Z] Web / API server started at http://localhost:4000
 {"metadata":{"emulator":{"name":"ui"},"message":"Web / API server started at http://localhost:4000\n"}}
[info] i  functions: Watching "/home/kartik/projects/firebase-emulator-test/functions" for Cloud Functions... {"metadata":{"emulator":{"name":"functions"},"message":"Watching \"/home/kartik/projects/firebase-emulator-test/functions\" for Cloud Functions..."}}
[debug] [2020-12-01T02:10:57.291Z] [worker-pool] addWorker(~diagnostic~) {"metadata":{"emulator":{"name":"functions"},"message":"[worker-pool] addWorker(~diagnostic~)"}}
[debug] [2020-12-01T02:10:57.292Z] [worker-pool] Adding worker with key ~diagnostic~, total=1 {"metadata":{"emulator":{"name":"functions"},"message":"[worker-pool] Adding worker with key ~diagnostic~, total=1"}}
[debug] [2020-12-01T02:10:57.292Z] [worker-pool] submitWork(triggerId=) {"metadata":{"emulator":{"name":"functions"},"message":"[worker-pool] submitWork(triggerId=)"}}
[debug] [2020-12-01T02:10:57.293Z] [worker-~diagnostic~-ab1a4237-af5c-48af-8934-c6454e86d60c]: Assigning socketPath: /tmp/fire_emu_550641.sock {"metadata":{"emulator":{"name":"functions"},"message":"[worker-~diagnostic~-ab1a4237-af5c-48af-8934-c6454e86d60c]: Assigning socketPath: /tmp/fire_emu_550641.sock"}}
[debug] [2020-12-01T02:10:57.293Z] [worker-~diagnostic~-ab1a4237-af5c-48af-8934-c6454e86d60c]: BUSY {"metadata":{"emulator":{"name":"functions"},"message":"[worker-~diagnostic~-ab1a4237-af5c-48af-8934-c6454e86d60c]: BUSY"}}
[debug] [2020-12-01T02:10:57.516Z] [runtime-status] [550641] Functions runtime initialized. {"cwd":"/home/kartik/projects/firebase-emulator-test/functions","node_version":"12.18.2"} {"metadata":{"emulator":{"name":"functions"},"message":"[runtime-status] [550641] Functions runtime initialized. {\"cwd\":\"/home/kartik/projects/firebase-emulator-test/functions\",\"node_version\":\"12.18.2\"}"}}
[debug] [2020-12-01T02:10:57.518Z] [runtime-status] [550641] Disabled runtime features: undefined {"metadata":{"emulator":{"name":"functions"},"message":"[runtime-status] [550641] Disabled runtime features: undefined"}}
[debug] [2020-12-01T02:10:57.520Z] [runtime-status] [550641] Resolved module firebase-admin {"declared":true,"installed":true,"version":"9.4.1","resolution":"/home/kartik/projects/firebase-emulator-test/functions/node_modules/firebase-admin/lib/index.js"} {"metadata":{"emulator":{"name":"functions"},"message":"[runtime-status] [550641] Resolved module firebase-admin {\"declared\":true,\"installed\":true,\"version\":\"9.4.1\",\"resolution\":\"/home/kartik/projects/firebase-emulator-test/functions/node_modules/firebase-admin/lib/index.js\"}"}}
[debug] [2020-12-01T02:10:57.521Z] [runtime-status] [550641] Resolved module firebase-functions {"declared":true,"installed":true,"version":"3.12.0","resolution":"/home/kartik/projects/firebase-emulator-test/functions/node_modules/firebase-functions/lib/index.js"} {"metadata":{"emulator":{"name":"functions"},"message":"[runtime-status] [550641] Resolved module firebase-functions {\"declared\":true,\"installed\":true,\"version\":\"3.12.0\",\"resolution\":\"/home/kartik/projects/firebase-emulator-test/functions/node_modules/firebase-functions/lib/index.js\"}"}}
[debug] [2020-12-01T02:10:57.521Z] [runtime-status] [550641] Resolved module firebase-functions {"declared":true,"installed":true,"version":"3.12.0","resolution":"/home/kartik/projects/firebase-emulator-test/functions/node_modules/firebase-functions/lib/index.js"} {"metadata":{"emulator":{"name":"functions"},"message":"[runtime-status] [550641] Resolved module firebase-functions {\"declared\":true,\"installed\":true,\"version\":\"3.12.0\",\"resolution\":\"/home/kartik/projects/firebase-emulator-test/functions/node_modules/firebase-functions/lib/index.js\"}"}}
[debug] [2020-12-01T02:10:57.522Z] [runtime-status] [550641] Set PUBSUB_EMULATOR_HOST to localhost:8085 {"metadata":{"emulator":{"name":"functions"},"message":"[runtime-status] [550641] Set PUBSUB_EMULATOR_HOST to localhost:8085"}}
[debug] [2020-12-01T02:10:57.525Z] [runtime-status] [550641] Outgoing network have been stubbed. [{"name":"http","status":"mocked"},{"name":"http","status":"mocked"},{"name":"https","status":"mocked"},{"name":"https","status":"mocked"},{"name":"net","status":"mocked"}] {"metadata":{"emulator":{"name":"functions"},"message":"[runtime-status] [550641] Outgoing network have been stubbed. [{\"name\":\"http\",\"status\":\"mocked\"},{\"name\":\"http\",\"status\":\"mocked\"},{\"name\":\"https\",\"status\":\"mocked\"},{\"name\":\"https\",\"status\":\"mocked\"},{\"name\":\"net\",\"status\":\"mocked\"}]"}}
[debug] [2020-12-01T02:10:57.525Z] [runtime-status] [550641] Resolved module firebase-functions {"declared":true,"installed":true,"version":"3.12.0","resolution":"/home/kartik/projects/firebase-emulator-test/functions/node_modules/firebase-functions/lib/index.js"} {"metadata":{"emulator":{"name":"functions"},"message":"[runtime-status] [550641] Resolved module firebase-functions {\"declared\":true,\"installed\":true,\"version\":\"3.12.0\",\"resolution\":\"/home/kartik/projects/firebase-emulator-test/functions/node_modules/firebase-functions/lib/index.js\"}"}}
[debug] [2020-12-01T02:10:57.554Z] [runtime-status] [550641] Checked functions.config() {"config":{}} {"metadata":{"emulator":{"name":"functions"},"message":"[runtime-status] [550641] Checked functions.config() {\"config\":{}}"}}
[debug] [2020-12-01T02:10:57.554Z] [runtime-status] [550641] firebase-functions has been stubbed. {"functionsResolution":{"declared":true,"installed":true,"version":"3.12.0","resolution":"/home/kartik/projects/firebase-emulator-test/functions/node_modules/firebase-functions/lib/index.js"}} {"metadata":{"emulator":{"name":"functions"},"message":"[runtime-status] [550641] firebase-functions has been stubbed. {\"functionsResolution\":{\"declared\":true,\"installed\":true,\"version\":\"3.12.0\",\"resolution\":\"/home/kartik/projects/firebase-emulator-test/functions/node_modules/firebase-functions/lib/index.js\"}}"}}
[debug] [2020-12-01T02:10:57.555Z] [runtime-status] [550641] Resolved module firebase-functions {"declared":true,"installed":true,"version":"3.12.0","resolution":"/home/kartik/projects/firebase-emulator-test/functions/node_modules/firebase-functions/lib/index.js"} {"metadata":{"emulator":{"name":"functions"},"message":"[runtime-status] [550641] Resolved module firebase-functions {\"declared\":true,\"installed\":true,\"version\":\"3.12.0\",\"resolution\":\"/home/kartik/projects/firebase-emulator-test/functions/node_modules/firebase-functions/lib/index.js\"}"}}
[debug] [2020-12-01T02:10:57.555Z] [runtime-status] [550641] Resolved module firebase-admin {"declared":true,"installed":true,"version":"9.4.1","resolution":"/home/kartik/projects/firebase-emulator-test/functions/node_modules/firebase-admin/lib/index.js"} {"metadata":{"emulator":{"name":"functions"},"message":"[runtime-status] [550641] Resolved module firebase-admin {\"declared\":true,\"installed\":true,\"version\":\"9.4.1\",\"resolution\":\"/home/kartik/projects/firebase-emulator-test/functions/node_modules/firebase-admin/lib/index.js\"}"}}
[debug] [2020-12-01T02:10:57.556Z] [runtime-status] [550641] Resolved module firebase-functions {"declared":true,"installed":true,"version":"3.12.0","resolution":"/home/kartik/projects/firebase-emulator-test/functions/node_modules/firebase-functions/lib/index.js"} {"metadata":{"emulator":{"name":"functions"},"message":"[runtime-status] [550641] Resolved module firebase-functions {\"declared\":true,\"installed\":true,\"version\":\"3.12.0\",\"resolution\":\"/home/kartik/projects/firebase-emulator-test/functions/node_modules/firebase-functions/lib/index.js\"}"}}
[debug] [2020-12-01T02:10:57.556Z] [runtime-status] [550641] firebase-admin has been stubbed. {"adminResolution":{"declared":true,"installed":true,"version":"9.4.1","resolution":"/home/kartik/projects/firebase-emulator-test/functions/node_modules/firebase-admin/lib/index.js"}} {"metadata":{"emulator":{"name":"functions"},"message":"[runtime-status] [550641] firebase-admin has been stubbed. {\"adminResolution\":{\"declared\":true,\"installed\":true,\"version\":\"9.4.1\",\"resolution\":\"/home/kartik/projects/firebase-emulator-test/functions/node_modules/firebase-admin/lib/index.js\"}}"}}
[info] ✔  functions[helloWorld]: http function initialized (http://localhost:5001/ng-firebase-emulator-test/us-central1/helloWorld). {"metadata":{"emulator":{"name":"functions"},"message":"\u001b[1mhttp\u001b[22m function initialized (http://localhost:5001/ng-firebase-emulator-test/us-central1/helloWorld)."}}
[info] 
┌────────────────────────────────────────────────────────────────┐
│ ✔  All emulators ready! View status and logs at localhost:4000 │
└────────────────────────────────────────────────────────────────┘

┌────────────────┬────────────────┬──────────────────────────┐
│ Emulator       │ Host:Port      │ View in Emulator UI      │
├────────────────┼────────────────┼──────────────────────────┤
│ Authentication │ localhost:9099 │ localhost:4000/auth      │
├────────────────┼────────────────┼──────────────────────────┤
│ Functions      │ localhost:5001 │ localhost:4000/functions │
├────────────────┼────────────────┼──────────────────────────┤
│ Firestore      │ localhost:8080 │ localhost:4000/firestore │
├────────────────┼────────────────┼──────────────────────────┤
│ Database       │ localhost:9000 │ localhost:4000/database  │
├────────────────┼────────────────┼──────────────────────────┤
│ Hosting        │ localhost:5000 │ n/a                      │
├────────────────┼────────────────┼──────────────────────────┤
│ Pub/Sub        │ localhost:8085 │ n/a                      │
└────────────────┴────────────────┴──────────────────────────┘
  Other reserved ports: 4400, 4500

Issues? Report them at https://github.com/firebase/firebase-tools/issues and attach the *-debug.log files.
 
[debug] [2020-12-01T02:10:57.561Z] [worker-~diagnostic~-ab1a4237-af5c-48af-8934-c6454e86d60c]: IDLE {"metadata":{"emulator":{"name":"functions"},"message":"[worker-~diagnostic~-ab1a4237-af5c-48af-8934-c6454e86d60c]: IDLE"}}
[debug] [2020-12-01T02:11:38.716Z] Dec 01, 2020 7:41:38 AM io.gapi.emulators.netty.HttpVersionRoutingHandler channelRead
INFO: Detected non-HTTP/2 connection.
 {"metadata":{"emulator":{"name":"firestore"},"message":"Dec 01, 2020 7:41:38 AM io.gapi.emulators.netty.HttpVersionRoutingHandler channelRead\nINFO: Detected non-HTTP/2 connection.\n"}}
[debug] [2020-12-01T02:11:38.752Z] Dec 01, 2020 7:41:38 AM io.gapi.emulators.netty.HttpVersionRoutingHandler channelRead
INFO: Detected non-HTTP/2 connection.
 {"metadata":{"emulator":{"name":"firestore"},"message":"Dec 01, 2020 7:41:38 AM io.gapi.emulators.netty.HttpVersionRoutingHandler channelRead\nINFO: Detected non-HTTP/2 connection.\n"}}
[debug] [2020-12-01T02:12:24.719Z] Dec 01, 2020 7:42:24 AM io.gapi.emulators.netty.HttpVersionRoutingHandler channelRead
INFO: Detected non-HTTP/2 connection.
 {"metadata":{"emulator":{"name":"firestore"},"message":"Dec 01, 2020 7:42:24 AM io.gapi.emulators.netty.HttpVersionRoutingHandler channelRead\nINFO: Detected non-HTTP/2 connection.\n"}}
[debug] [2020-12-01T02:12:24.719Z] Dec 01, 2020 7:42:24 AM io.gapi.emulators.netty.HttpVersionRoutingHandler channelRead
INFO: Detected non-HTTP/2 connection.
 {"metadata":{"emulator":{"name":"firestore"},"message":"Dec 01, 2020 7:42:24 AM io.gapi.emulators.netty.HttpVersionRoutingHandler channelRead\nINFO: Detected non-HTTP/2 connection.\n"}}
[debug] [2020-12-01T02:13:24.790Z] Dec 01, 2020 7:43:24 AM io.gapi.emulators.netty.HttpVersionRoutingHandler channelRead
INFO: Detected non-HTTP/2 connection.
 {"metadata":{"emulator":{"name":"firestore"},"message":"Dec 01, 2020 7:43:24 AM io.gapi.emulators.netty.HttpVersionRoutingHandler channelRead\nINFO: Detected non-HTTP/2 connection.\n"}}
[debug] [2020-12-01T02:13:24.792Z] Dec 01, 2020 7:43:24 AM io.gapi.emulators.netty.HttpVersionRoutingHandler channelRead
INFO: Detected non-HTTP/2 connection.
 {"metadata":{"emulator":{"name":"firestore"},"message":"Dec 01, 2020 7:43:24 AM io.gapi.emulators.netty.HttpVersionRoutingHandler channelRead\nINFO: Detected non-HTTP/2 connection.\n"}}
[debug] [2020-12-01T02:14:08.941Z] File /home/kartik/projects/firebase-emulator-test/functions/src/index.ts changed, reloading triggers {"metadata":{"emulator":{"name":"functions"},"message":"File /home/kartik/projects/firebase-emulator-test/functions/src/index.ts changed, reloading triggers"}}
[debug] [2020-12-01T02:14:09.944Z] [worker-pool] Shutting down IDLE worker (~diagnostic~) {"metadata":{"emulator":{"name":"functions"},"message":"[worker-pool] Shutting down IDLE worker (~diagnostic~)"}}
[debug] [2020-12-01T02:14:09.944Z] [worker-~diagnostic~-ab1a4237-af5c-48af-8934-c6454e86d60c]: FINISHING {"metadata":{"emulator":{"name":"functions"},"message":"[worker-~diagnostic~-ab1a4237-af5c-48af-8934-c6454e86d60c]: FINISHING"}}
[debug] [2020-12-01T02:14:09.965Z] [worker-pool] addWorker(~diagnostic~) {"metadata":{"emulator":{"name":"functions"},"message":"[worker-pool] addWorker(~diagnostic~)"}}
[debug] [2020-12-01T02:14:09.966Z] [worker-pool] Adding worker with key ~diagnostic~, total=2 {"metadata":{"emulator":{"name":"functions"},"message":"[worker-pool] Adding worker with key ~diagnostic~, total=2"}}
[debug] [2020-12-01T02:14:09.967Z] [worker-pool] submitWork(triggerId=) {"metadata":{"emulator":{"name":"functions"},"message":"[worker-pool] submitWork(triggerId=)"}}
[debug] [2020-12-01T02:14:09.967Z] [worker-~diagnostic~-b9e7570b-b197-43b4-ae51-28bd5a671419]: Assigning socketPath: /tmp/fire_emu_551384.sock {"metadata":{"emulator":{"name":"functions"},"message":"[worker-~diagnostic~-b9e7570b-b197-43b4-ae51-28bd5a671419]: Assigning socketPath: /tmp/fire_emu_551384.sock"}}
[debug] [2020-12-01T02:14:09.968Z] [worker-~diagnostic~-b9e7570b-b197-43b4-ae51-28bd5a671419]: BUSY {"metadata":{"emulator":{"name":"functions"},"message":"[worker-~diagnostic~-b9e7570b-b197-43b4-ae51-28bd5a671419]: BUSY"}}
[debug] [2020-12-01T02:14:09.971Z] [worker-~diagnostic~-ab1a4237-af5c-48af-8934-c6454e86d60c]: exited {"metadata":{"emulator":{"name":"functions"},"message":"[worker-~diagnostic~-ab1a4237-af5c-48af-8934-c6454e86d60c]: exited"}}
[debug] [2020-12-01T02:14:09.972Z] [worker-~diagnostic~-ab1a4237-af5c-48af-8934-c6454e86d60c]: FINISHED {"metadata":{"emulator":{"name":"functions"},"message":"[worker-~diagnostic~-ab1a4237-af5c-48af-8934-c6454e86d60c]: FINISHED"}}
[debug] [2020-12-01T02:14:10.206Z] [runtime-status] [551384] Functions runtime initialized. {"cwd":"/home/kartik/projects/firebase-emulator-test/functions","node_version":"12.18.2"} {"metadata":{"emulator":{"name":"functions"},"message":"[runtime-status] [551384] Functions runtime initialized. {\"cwd\":\"/home/kartik/projects/firebase-emulator-test/functions\",\"node_version\":\"12.18.2\"}"}}
[debug] [2020-12-01T02:14:10.208Z] [runtime-status] [551384] Disabled runtime features: undefined {"metadata":{"emulator":{"name":"functions"},"message":"[runtime-status] [551384] Disabled runtime features: undefined"}}
[debug] [2020-12-01T02:14:10.212Z] [runtime-status] [551384] Resolved module firebase-admin {"declared":true,"installed":true,"version":"9.4.1","resolution":"/home/kartik/projects/firebase-emulator-test/functions/node_modules/firebase-admin/lib/index.js"} {"metadata":{"emulator":{"name":"functions"},"message":"[runtime-status] [551384] Resolved module firebase-admin {\"declared\":true,\"installed\":true,\"version\":\"9.4.1\",\"resolution\":\"/home/kartik/projects/firebase-emulator-test/functions/node_modules/firebase-admin/lib/index.js\"}"}}
[debug] [2020-12-01T02:14:10.214Z] [runtime-status] [551384] Resolved module firebase-functions {"declared":true,"installed":true,"version":"3.12.0","resolution":"/home/kartik/projects/firebase-emulator-test/functions/node_modules/firebase-functions/lib/index.js"} {"metadata":{"emulator":{"name":"functions"},"message":"[runtime-status] [551384] Resolved module firebase-functions {\"declared\":true,\"installed\":true,\"version\":\"3.12.0\",\"resolution\":\"/home/kartik/projects/firebase-emulator-test/functions/node_modules/firebase-functions/lib/index.js\"}"}}
[debug] [2020-12-01T02:14:10.215Z] [runtime-status] [551384] Resolved module firebase-functions {"declared":true,"installed":true,"version":"3.12.0","resolution":"/home/kartik/projects/firebase-emulator-test/functions/node_modules/firebase-functions/lib/index.js"} {"metadata":{"emulator":{"name":"functions"},"message":"[runtime-status] [551384] Resolved module firebase-functions {\"declared\":true,\"installed\":true,\"version\":\"3.12.0\",\"resolution\":\"/home/kartik/projects/firebase-emulator-test/functions/node_modules/firebase-functions/lib/index.js\"}"}}
[debug] [2020-12-01T02:14:10.216Z] [runtime-status] [551384] Set PUBSUB_EMULATOR_HOST to localhost:8085 {"metadata":{"emulator":{"name":"functions"},"message":"[runtime-status] [551384] Set PUBSUB_EMULATOR_HOST to localhost:8085"}}
[debug] [2020-12-01T02:14:10.218Z] [runtime-status] [551384] Outgoing network have been stubbed. [{"name":"http","status":"mocked"},{"name":"http","status":"mocked"},{"name":"https","status":"mocked"},{"name":"https","status":"mocked"},{"name":"net","status":"mocked"}] {"metadata":{"emulator":{"name":"functions"},"message":"[runtime-status] [551384] Outgoing network have been stubbed. [{\"name\":\"http\",\"status\":\"mocked\"},{\"name\":\"http\",\"status\":\"mocked\"},{\"name\":\"https\",\"status\":\"mocked\"},{\"name\":\"https\",\"status\":\"mocked\"},{\"name\":\"net\",\"status\":\"mocked\"}]"}}
[debug] [2020-12-01T02:14:10.218Z] [runtime-status] [551384] Resolved module firebase-functions {"declared":true,"installed":true,"version":"3.12.0","resolution":"/home/kartik/projects/firebase-emulator-test/functions/node_modules/firebase-functions/lib/index.js"} {"metadata":{"emulator":{"name":"functions"},"message":"[runtime-status] [551384] Resolved module firebase-functions {\"declared\":true,\"installed\":true,\"version\":\"3.12.0\",\"resolution\":\"/home/kartik/projects/firebase-emulator-test/functions/node_modules/firebase-functions/lib/index.js\"}"}}
[debug] [2020-12-01T02:14:10.249Z] [runtime-status] [551384] Checked functions.config() {"config":{}} {"metadata":{"emulator":{"name":"functions"},"message":"[runtime-status] [551384] Checked functions.config() {\"config\":{}}"}}
[debug] [2020-12-01T02:14:10.249Z] [runtime-status] [551384] firebase-functions has been stubbed. {"functionsResolution":{"declared":true,"installed":true,"version":"3.12.0","resolution":"/home/kartik/projects/firebase-emulator-test/functions/node_modules/firebase-functions/lib/index.js"}} {"metadata":{"emulator":{"name":"functions"},"message":"[runtime-status] [551384] firebase-functions has been stubbed. {\"functionsResolution\":{\"declared\":true,\"installed\":true,\"version\":\"3.12.0\",\"resolution\":\"/home/kartik/projects/firebase-emulator-test/functions/node_modules/firebase-functions/lib/index.js\"}}"}}
[debug] [2020-12-01T02:14:10.250Z] [runtime-status] [551384] Resolved module firebase-functions {"declared":true,"installed":true,"version":"3.12.0","resolution":"/home/kartik/projects/firebase-emulator-test/functions/node_modules/firebase-functions/lib/index.js"} {"metadata":{"emulator":{"name":"functions"},"message":"[runtime-status] [551384] Resolved module firebase-functions {\"declared\":true,\"installed\":true,\"version\":\"3.12.0\",\"resolution\":\"/home/kartik/projects/firebase-emulator-test/functions/node_modules/firebase-functions/lib/index.js\"}"}}
[debug] [2020-12-01T02:14:10.250Z] [runtime-status] [551384] Resolved module firebase-admin {"declared":true,"installed":true,"version":"9.4.1","resolution":"/home/kartik/projects/firebase-emulator-test/functions/node_modules/firebase-admin/lib/index.js"} {"metadata":{"emulator":{"name":"functions"},"message":"[runtime-status] [551384] Resolved module firebase-admin {\"declared\":true,\"installed\":true,\"version\":\"9.4.1\",\"resolution\":\"/home/kartik/projects/firebase-emulator-test/functions/node_modules/firebase-admin/lib/index.js\"}"}}
[debug] [2020-12-01T02:14:10.251Z] [runtime-status] [551384] Resolved module firebase-functions {"declared":true,"installed":true,"version":"3.12.0","resolution":"/home/kartik/projects/firebase-emulator-test/functions/node_modules/firebase-functions/lib/index.js"} {"metadata":{"emulator":{"name":"functions"},"message":"[runtime-status] [551384] Resolved module firebase-functions {\"declared\":true,\"installed\":true,\"version\":\"3.12.0\",\"resolution\":\"/home/kartik/projects/firebase-emulator-test/functions/node_modules/firebase-functions/lib/index.js\"}"}}
[debug] [2020-12-01T02:14:10.251Z] [runtime-status] [551384] firebase-admin has been stubbed. {"adminResolution":{"declared":true,"installed":true,"version":"9.4.1","resolution":"/home/kartik/projects/firebase-emulator-test/functions/node_modules/firebase-admin/lib/index.js"}} {"metadata":{"emulator":{"name":"functions"},"message":"[runtime-status] [551384] firebase-admin has been stubbed. {\"adminResolution\":{\"declared\":true,\"installed\":true,\"version\":\"9.4.1\",\"resolution\":\"/home/kartik/projects/firebase-emulator-test/functions/node_modules/firebase-admin/lib/index.js\"}}"}}
[debug] [2020-12-01T02:14:10.252Z] [worker-~diagnostic~-b9e7570b-b197-43b4-ae51-28bd5a671419]: IDLE {"metadata":{"emulator":{"name":"functions"},"message":"[worker-~diagnostic~-b9e7570b-b197-43b4-ae51-28bd5a671419]: IDLE"}}
[debug] [2020-12-01T02:14:24.915Z] Dec 01, 2020 7:44:24 AM io.gapi.emulators.netty.HttpVersionRoutingHandler channelRead
INFO: Detected non-HTTP/2 connection.
 {"metadata":{"emulator":{"name":"firestore"},"message":"Dec 01, 2020 7:44:24 AM io.gapi.emulators.netty.HttpVersionRoutingHandler channelRead\nINFO: Detected non-HTTP/2 connection.\n"}}
[debug] [2020-12-01T02:14:40.691Z] Dec 01, 2020 7:44:40 AM io.gapi.emulators.netty.HttpVersionRoutingHandler channelRead
INFO: Detected non-HTTP/2 connection.
 {"metadata":{"emulator":{"name":"firestore"},"message":"Dec 01, 2020 7:44:40 AM io.gapi.emulators.netty.HttpVersionRoutingHandler channelRead\nINFO: Detected non-HTTP/2 connection.\n"}}
[debug] [2020-12-01T02:15:40.702Z] Dec 01, 2020 7:45:40 AM io.gapi.emulators.netty.HttpVersionRoutingHandler channelRead
INFO: Detected non-HTTP/2 connection.
 {"metadata":{"emulator":{"name":"firestore"},"message":"Dec 01, 2020 7:45:40 AM io.gapi.emulators.netty.HttpVersionRoutingHandler channelRead\nINFO: Detected non-HTTP/2 connection.\n"}}
[debug] [2020-12-01T02:15:40.724Z] Dec 01, 2020 7:45:40 AM io.gapi.emulators.netty.HttpVersionRoutingHandler channelRead
INFO: Detected non-HTTP/2 connection.
 {"metadata":{"emulator":{"name":"firestore"},"message":"Dec 01, 2020 7:45:40 AM io.gapi.emulators.netty.HttpVersionRoutingHandler channelRead\nINFO: Detected non-HTTP/2 connection.\n"}}
[info] i  To verify the phone number +917566675092, use the code 476987. {"metadata":{"emulator":{"name":"auth"},"message":"To verify the phone number +917566675092, use the code 476987."}}
[debug] [2020-12-01T02:16:09.012Z] >>> [apiv2][query] POST http://localhost:5001/functions/projects/ng-firebase-emulator-test/trigger_multicast [none]
[debug] [2020-12-01T02:16:09.013Z] >>> [apiv2][body] POST http://localhost:5001/functions/projects/ng-firebase-emulator-test/trigger_multicast {"eventType":"providers/firebase.auth/eventTypes/user.create","data":{"uid":"KprRlDhKg3umqYffidKEjvEZWz25","phoneNumber":"+917566675092","metadata":{"creationTime":"1606788969010","lastSignInTime":"1606788969010"},"customClaims":{},"providerData":[{"providerId":"phone","federatedId":"+917566675092","rawId":"+917566675092"}]}}
[debug] [2020-12-01T02:16:09.025Z] <<< [apiv2][status] POST http://localhost:5001/functions/projects/ng-firebase-emulator-test/trigger_multicast 200
[debug] [2020-12-01T02:16:09.025Z] <<< [apiv2][body] POST http://localhost:5001/functions/projects/ng-firebase-emulator-test/trigger_multicast {"status":"multicast_acknowledged"}
[debug] [2020-12-01T02:16:26.687Z] Dec 01, 2020 7:46:26 AM io.gapi.emulators.netty.HttpVersionRoutingHandler channelRead
INFO: Detected non-HTTP/2 connection.
 {"metadata":{"emulator":{"name":"firestore"},"message":"Dec 01, 2020 7:46:26 AM io.gapi.emulators.netty.HttpVersionRoutingHandler channelRead\nINFO: Detected non-HTTP/2 connection.\n"}}
[debug] [2020-12-01T02:16:26.690Z] Dec 01, 2020 7:46:26 AM io.gapi.emulators.netty.HttpVersionRoutingHandler channelRead
INFO: Detected non-HTTP/2 connection.
 {"metadata":{"emulator":{"name":"firestore"},"message":"Dec 01, 2020 7:46:26 AM io.gapi.emulators.netty.HttpVersionRoutingHandler channelRead\nINFO: Detected non-HTTP/2 connection.\n"}}
